Using pre-set license
Built from '2020.3/staging' branch; Version is '2020.3.6f1 (338bb68529b2) revision 3378102'; Using compiler version '192528614'; Build Type 'Release'
OS: 'Windows 10 Pro; OS build 19041.1052; Version 2004; 64bit' Language: 'es' Physical Memory: 8136 MB
BatchMode: 1, IsHumanControllingUs: 0, StartBugReporterOnCrash: 0, Is64bit: 1, IsPro: 0

 COMMAND LINE ARGUMENTS:
C:\Program Files\Unity\Hub\Editor\2020.3.6f1\Editor\Unity.exe
-adb2
-batchMode
-noUpm
-name
AssetImportWorker0
-projectPath
D:/Users/Usuario/Desktop/Cursos CICE/Unity/Editor Unity/Call of CICE
-logFile
Logs/AssetImportWorker0.log
-srvPort
54567
Successfully changed project path to: D:/Users/Usuario/Desktop/Cursos CICE/Unity/Editor Unity/Call of CICE
D:/Users/Usuario/Desktop/Cursos CICE/Unity/Editor Unity/Call of CICE
Using Asset Import Pipeline V2.
Refreshing native plugins compatible for Editor in 47.79 ms, found 0 plugins.
Preloading 0 native plugins for Editor in 0.00 ms.
Initialize engine version: 2020.3.6f1 (338bb68529b2)
[Subsystems] Discovering subsystems at path C:/Program Files/Unity/Hub/Editor/2020.3.6f1/Editor/Data/Resources/UnitySubsystems
[Subsystems] Discovering subsystems at path D:/Users/Usuario/Desktop/Cursos CICE/Unity/Editor Unity/Call of CICE/Assets
GfxDevice: creating device client; threaded=0
Direct3D:
    Version:  Direct3D 11.0 [level 11.1]
    Renderer: NVIDIA GeForce GTX 1060 3GB (ID=0x1c02)
    Vendor:   
    VRAM:     2988 MB
    Driver:   27.21.14.5751
Initialize mono
Mono path[0] = 'C:/Program Files/Unity/Hub/Editor/2020.3.6f1/Editor/Data/Managed'
Mono path[1] = 'C:/Program Files/Unity/Hub/Editor/2020.3.6f1/Editor/Data/MonoBleedingEdge/lib/mono/unityjit'
Mono config path = 'C:/Program Files/Unity/Hub/Editor/2020.3.6f1/Editor/Data/MonoBleedingEdge/etc'
Using monoOptions --debugger-agent=transport=dt_socket,embedding=1,server=y,suspend=n,address=127.0.0.1:56628
Begin MonoManager ReloadAssembly
Registering precompiled unity dll's ...
Register platform support module: C:/Program Files/Unity/Hub/Editor/2020.3.6f1/Editor/Data/PlaybackEngines/WebGLSupport/UnityEditor.WebGL.Extensions.dll
Register platform support module: C:/Program Files/Unity/Hub/Editor/2020.3.6f1/Editor/Data/PlaybackEngines/MacStandaloneSupport/UnityEditor.OSXStandalone.Extensions.dll
Register platform support module: C:/Program Files/Unity/Hub/Editor/2020.3.6f1/Editor/Data/PlaybackEngines/WindowsStandaloneSupport/UnityEditor.WindowsStandalone.Extensions.dll
Register platform support module: C:/Program Files/Unity/Hub/Editor/2020.3.6f1/Editor/Data/PlaybackEngines/LinuxStandaloneSupport/UnityEditor.LinuxStandalone.Extensions.dll
Register platform support module: C:/Program Files/Unity/Hub/Editor/2020.3.6f1/Editor/Data/PlaybackEngines/LuminSupport/UnityEditor.Lumin.Extensions.dll
Registered in 0.006319 seconds.
Native extension for Lumin target not found
Native extension for LinuxStandalone target not found
Native extension for WindowsStandalone target not found
Native extension for OSXStandalone target not found
Native extension for WebGL target not found
Refreshing native plugins compatible for Editor in 48.83 ms, found 0 plugins.
Preloading 0 native plugins for Editor in 0.00 ms.
Mono: successfully reloaded assembly
- Completed reload, in  4.842 seconds
Platform modules already initialized, skipping
Registering precompiled user dll's ...
Registered in 0.095788 seconds.
Begin MonoManager ReloadAssembly
Native extension for Lumin target not found
Native extension for LinuxStandalone target not found
Native extension for WindowsStandalone target not found
Native extension for OSXStandalone target not found
Native extension for WebGL target not found
Refreshing native plugins compatible for Editor in 56.71 ms, found 0 plugins.
Preloading 0 native plugins for Editor in 0.00 ms.
Mono: successfully reloaded assembly
- Completed reload, in  3.221 seconds
Platform modules already initialized, skipping
========================================================================
Worker process is ready to serve import requests
Launched and connected shader compiler UnityShaderCompiler.exe after 0.06 seconds
Refreshing native plugins compatible for Editor in 0.40 ms, found 0 plugins.
Preloading 0 native plugins for Editor in 0.00 ms.
Unloading 1745 Unused Serialized files (Serialized files now loaded: 0)
System memory in use before: 183.2 MB.
System memory in use after: 183.0 MB.

Unloading 81 unused Assets to reduce memory usage. Loaded Objects now: 2228.
Total: 2.881000 ms (FindLiveObjects: 0.275300 ms CreateObjectMapping: 0.051600 ms MarkObjects: 2.210300 ms  DeleteObjects: 0.342100 ms)

========================================================================
Received Import Request.
  path: Assets/Assets de terceros/Samples/Terrain Tools/0.1.0-preview/Terrain Assets/TerrainBrushes/terrainstamp_canyon02.brush
  artifactKey: Guid(7ddc1e59f6e82cc4693b55b0badb4aa3) Importer(815301076,1909f56bfc062723c751e8b465ee728b)
Start importing Assets/Assets de terceros/Samples/Terrain Tools/0.1.0-preview/Terrain Assets/TerrainBrushes/terrainstamp_canyon02.brush using Guid(7ddc1e59f6e82cc4693b55b0badb4aa3) Importer(815301076,1909f56bfc062723c751e8b465ee728b)  -> (artifact id: 'fdff406f58a644fe6dfd40e4e5fa959c') in 0.119320 seconds
  Import took 0.169172 seconds .

========================================================================
Received Import Request.
  Time since last request: 0.000481 seconds.
  path: Assets/Assets de terceros/Samples/Terrain Tools/0.1.0-preview/Terrain Assets/TerrainBrushes/terrainstamp_canyon03.brush
  artifactKey: Guid(d4e29f095247ea040aabee8a6cb3b010) Importer(815301076,1909f56bfc062723c751e8b465ee728b)
Start importing Assets/Assets de terceros/Samples/Terrain Tools/0.1.0-preview/Terrain Assets/TerrainBrushes/terrainstamp_canyon03.brush using Guid(d4e29f095247ea040aabee8a6cb3b010) Importer(815301076,1909f56bfc062723c751e8b465ee728b)  -> (artifact id: '1a04b25de226754c4a5609fe8e4342e7') in 0.008796 seconds
  Import took 0.031067 seconds .

========================================================================
Received Import Request.
  Time since last request: 2528.037807 seconds.
  path: Assets/Assets de terceros/!Materials Collection/4 Snow Materials/Materials/snow_1_tga.mat
  artifactKey: Guid(049886ac1c9be8d4db643c92eee3880f) Importer(815301076,1909f56bfc062723c751e8b465ee728b)
Start importing Assets/Assets de terceros/!Materials Collection/4 Snow Materials/Materials/snow_1_tga.mat using Guid(049886ac1c9be8d4db643c92eee3880f) Importer(815301076,1909f56bfc062723c751e8b465ee728b)  -> (artifact id: '03477ec60a190497e047e0be7a6d1f11') in 0.386882 seconds
  Import took 0.401789 seconds .

========================================================================
Received Import Request.
  Time since last request: 0.000247 seconds.
  path: Assets/Assets de terceros/!Materials Collection/4 Snow Materials/Materials/snow_3_tga.mat
  artifactKey: Guid(1a37d212766c4e444bd183225d3816c9) Importer(815301076,1909f56bfc062723c751e8b465ee728b)
Start importing Assets/Assets de terceros/!Materials Collection/4 Snow Materials/Materials/snow_3_tga.mat using Guid(1a37d212766c4e444bd183225d3816c9) Importer(815301076,1909f56bfc062723c751e8b465ee728b)  -> (artifact id: '6f5e34f973a73df78c401cecc0e7dba4') in 0.028894 seconds
  Import took 0.049447 seconds .

========================================================================
Received Import Request.
  Time since last request: 0.000279 seconds.
  path: Assets/Assets de terceros/!Materials Collection/4 Snow Materials/Materials/snow_4_tga.mat
  artifactKey: Guid(5a8eb8738b1403240ad8173266802e78) Importer(815301076,1909f56bfc062723c751e8b465ee728b)
Start importing Assets/Assets de terceros/!Materials Collection/4 Snow Materials/Materials/snow_4_tga.mat using Guid(5a8eb8738b1403240ad8173266802e78) Importer(815301076,1909f56bfc062723c751e8b465ee728b)  -> (artifact id: '3a44295a0c8916f2dde4ef3a1d5cb39c') in 0.012175 seconds
  Import took 0.015680 seconds .

========================================================================
Received Import Request.
  Time since last request: 0.000609 seconds.
  path: Assets/Assets de terceros/!Materials Collection/4 Snow Materials/Materials/snow_2_tga.mat
  artifactKey: Guid(b2b1efd5c01d2a04e975a4b2fa45450b) Importer(815301076,1909f56bfc062723c751e8b465ee728b)
Start importing Assets/Assets de terceros/!Materials Collection/4 Snow Materials/Materials/snow_2_tga.mat using Guid(b2b1efd5c01d2a04e975a4b2fa45450b) Importer(815301076,1909f56bfc062723c751e8b465ee728b)  -> (artifact id: '6efa716e22b6963e46fd705e6ecff6d7') in 0.022190 seconds
  Import took 0.064728 seconds .

========================================================================
Received Import Request.
  Time since last request: 2.106139 seconds.
  path: Assets/Assets de terceros/!Materials Collection/4 Snow Materials/Materials/archive
  artifactKey: Guid(41718c1b3833bb549844f61e9cec57bd) Importer(815301076,1909f56bfc062723c751e8b465ee728b)
Start importing Assets/Assets de terceros/!Materials Collection/4 Snow Materials/Materials/archive using Guid(41718c1b3833bb549844f61e9cec57bd) Importer(815301076,1909f56bfc062723c751e8b465ee728b)  -> (artifact id: '40684bcc8d908237808b645831a11030') in 0.001919 seconds
  Import took 0.017790 seconds .

========================================================================
Received Import Request.
  Time since last request: 0.027312 seconds.
  path: Assets/Assets de terceros/!Materials Collection/4 Snow Materials/Materials/archive/plane.mat
  artifactKey: Guid(5c015272d7772694996fbab8771b9c4f) Importer(815301076,1909f56bfc062723c751e8b465ee728b)
Start importing Assets/Assets de terceros/!Materials Collection/4 Snow Materials/Materials/archive/plane.mat using Guid(5c015272d7772694996fbab8771b9c4f) Importer(815301076,1909f56bfc062723c751e8b465ee728b)  -> (artifact id: '312b556b3db2e90ec91ff8e975669146') in 0.007515 seconds
  Import took 0.011992 seconds .

========================================================================
Received Import Request.
  Time since last request: 3.622436 seconds.
  path: Assets/Assets de terceros/!Materials Collection/4 Snow Materials/Maps/snow_1_ao.tga
  artifactKey: Guid(7862c6a7adea56e44949c5039b1a8f5e) Importer(815301076,1909f56bfc062723c751e8b465ee728b)
Start importing Assets/Assets de terceros/!Materials Collection/4 Snow Materials/Maps/snow_1_ao.tga using Guid(7862c6a7adea56e44949c5039b1a8f5e) Importer(815301076,1909f56bfc062723c751e8b465ee728b)  -> (artifact id: '287d401cbffb725c4c6fee442ec8161b') in 0.026298 seconds
  Import took 0.047615 seconds .

========================================================================
Received Import Request.
  Time since last request: 0.000283 seconds.
  path: Assets/Assets de terceros/!Materials Collection/4 Snow Materials/Maps/snow_3_nmp.tga
  artifactKey: Guid(018ff50f226802b41ba1fe4e14f9d831) Importer(815301076,1909f56bfc062723c751e8b465ee728b)
Start importing Assets/Assets de terceros/!Materials Collection/4 Snow Materials/Maps/snow_3_nmp.tga using Guid(018ff50f226802b41ba1fe4e14f9d831) Importer(815301076,1909f56bfc062723c751e8b465ee728b)  -> (artifact id: '73a3cc581ecc36ce857858006e6a044e') in 0.010199 seconds
  Import took 0.016905 seconds .

========================================================================
Received Import Request.
  Time since last request: 0.000327 seconds.
  path: Assets/Assets de terceros/!Materials Collection/4 Snow Materials/Maps/snow_4_ao.tga
  artifactKey: Guid(aca0e40c1888e2c488118d2ed82b8ad5) Importer(815301076,1909f56bfc062723c751e8b465ee728b)
Start importing Assets/Assets de terceros/!Materials Collection/4 Snow Materials/Maps/snow_4_ao.tga using Guid(aca0e40c1888e2c488118d2ed82b8ad5) Importer(815301076,1909f56bfc062723c751e8b465ee728b)  -> (artifact id: 'dea86e77a2a66a06f123b0e0c190f318') in 0.008382 seconds
  Import took 0.013491 seconds .

========================================================================
Received Import Request.
  Time since last request: 0.000234 seconds.
  path: Assets/Assets de terceros/!Materials Collection/4 Snow Materials/Maps/snow_2_he.tga
  artifactKey: Guid(5f63f3488be4a0149b36e65a97287ed6) Importer(815301076,1909f56bfc062723c751e8b465ee728b)
Start importing Assets/Assets de terceros/!Materials Collection/4 Snow Materials/Maps/snow_2_he.tga using Guid(5f63f3488be4a0149b36e65a97287ed6) Importer(815301076,1909f56bfc062723c751e8b465ee728b)  -> (artifact id: '9a2891a9f5f862c7ef5a263e29c585ef') in 0.010221 seconds
  Import took 0.020005 seconds .

========================================================================
Received Import Request.
  Time since last request: 0.000378 seconds.
  path: Assets/Assets de terceros/!Materials Collection/4 Snow Materials/Maps/snow_1_nmp.tga
  artifactKey: Guid(310d1ec2ed5c49b4abeeb1835a5d28c2) Importer(815301076,1909f56bfc062723c751e8b465ee728b)
Start importing Assets/Assets de terceros/!Materials Collection/4 Snow Materials/Maps/snow_1_nmp.tga using Guid(310d1ec2ed5c49b4abeeb1835a5d28c2) Importer(815301076,1909f56bfc062723c751e8b465ee728b)  -> (artifact id: 'a5c3cd6930e55d8001395f5ea988a461') in 0.009835 seconds
  Import took 0.023047 seconds .

========================================================================
Received Import Request.
  Time since last request: 0.000233 seconds.
  path: Assets/Assets de terceros/!Materials Collection/4 Snow Materials/Maps/snow_2_nmp.tga
  artifactKey: Guid(c85451086709c8f44b6f4609f1377f72) Importer(815301076,1909f56bfc062723c751e8b465ee728b)
Start importing Assets/Assets de terceros/!Materials Collection/4 Snow Materials/Maps/snow_2_nmp.tga using Guid(c85451086709c8f44b6f4609f1377f72) Importer(815301076,1909f56bfc062723c751e8b465ee728b)  -> (artifact id: '13530efc5669e2d31fcd4e02ed4e33a2') in 0.008596 seconds
  Import took 0.025961 seconds .

========================================================================
Received Import Request.
  Time since last request: 0.000266 seconds.
  path: Assets/Assets de terceros/!Materials Collection/4 Snow Materials/Maps/snow_3_he.tga
  artifactKey: Guid(431c045110d1b9b49a449564ebaae4a9) Importer(815301076,1909f56bfc062723c751e8b465ee728b)
Start importing Assets/Assets de terceros/!Materials Collection/4 Snow Materials/Maps/snow_3_he.tga using Guid(431c045110d1b9b49a449564ebaae4a9) Importer(815301076,1909f56bfc062723c751e8b465ee728b)  -> (artifact id: '09feedb5115f9bbecf4a347e221b9755') in 0.007389 seconds
  Import took 0.010036 seconds .

========================================================================
Received Import Request.
  Time since last request: 0.000296 seconds.
  path: Assets/Assets de terceros/!Materials Collection/4 Snow Materials/Maps/snow_2_ao.tga
  artifactKey: Guid(b09011637698d8941a5f74d22fd32663) Importer(815301076,1909f56bfc062723c751e8b465ee728b)
Start importing Assets/Assets de terceros/!Materials Collection/4 Snow Materials/Maps/snow_2_ao.tga using Guid(b09011637698d8941a5f74d22fd32663) Importer(815301076,1909f56bfc062723c751e8b465ee728b)  -> (artifact id: 'f05787e5582d7c46eefb218cfbfcd0ac') in 0.010497 seconds
  Import took 0.022457 seconds .

========================================================================
Received Import Request.
  Time since last request: 0.000347 seconds.
  path: Assets/Assets de terceros/!Materials Collection/4 Snow Materials/Maps/snow_4_he.tga
  artifactKey: Guid(d6072d06a68dea94782a93f402bc11ed) Importer(815301076,1909f56bfc062723c751e8b465ee728b)
Start importing Assets/Assets de terceros/!Materials Collection/4 Snow Materials/Maps/snow_4_he.tga using Guid(d6072d06a68dea94782a93f402bc11ed) Importer(815301076,1909f56bfc062723c751e8b465ee728b)  -> (artifact id: '174fb4d9e303f94ddd0da3286b1d03dd') in 0.007611 seconds
  Import took 0.010773 seconds .

========================================================================
Received Import Request.
  Time since last request: 0.000256 seconds.
  path: Assets/Assets de terceros/!Materials Collection/4 Snow Materials/Maps/snow_4_nmp.tga
  artifactKey: Guid(b94c589c22e0b454a8d9d1265e4aa333) Importer(815301076,1909f56bfc062723c751e8b465ee728b)
Start importing Assets/Assets de terceros/!Materials Collection/4 Snow Materials/Maps/snow_4_nmp.tga using Guid(b94c589c22e0b454a8d9d1265e4aa333) Importer(815301076,1909f56bfc062723c751e8b465ee728b)  -> (artifact id: 'ded41f385910e4b049fb3d2fdbe94b0a') in 0.010821 seconds
  Import took 0.013853 seconds .

========================================================================
Received Import Request.
  Time since last request: 0.000332 seconds.
  path: Assets/Assets de terceros/!Materials Collection/4 Snow Materials/Maps/snow_3_ao.tga
  artifactKey: Guid(be8c588146460864ab61c3973fdb5e66) Importer(815301076,1909f56bfc062723c751e8b465ee728b)
Start importing Assets/Assets de terceros/!Materials Collection/4 Snow Materials/Maps/snow_3_ao.tga using Guid(be8c588146460864ab61c3973fdb5e66) Importer(815301076,1909f56bfc062723c751e8b465ee728b)  -> (artifact id: '4b48c322ac85c20d225dc5651fb7aa88') in 0.007442 seconds
  Import took 0.010642 seconds .

========================================================================
Received Import Request.
  Time since last request: 0.000375 seconds.
  path: Assets/Assets de terceros/!Materials Collection/4 Snow Materials/Maps/snow_1_he.tga
  artifactKey: Guid(690a12b77a6c8684fa83eba813b1d433) Importer(815301076,1909f56bfc062723c751e8b465ee728b)
Start importing Assets/Assets de terceros/!Materials Collection/4 Snow Materials/Maps/snow_1_he.tga using Guid(690a12b77a6c8684fa83eba813b1d433) Importer(815301076,1909f56bfc062723c751e8b465ee728b)  -> (artifact id: '827ce9c47002fc069419f2b7befcc808') in 0.006866 seconds
  Import took 0.010167 seconds .

========================================================================
Received Import Request.
  Time since last request: 2.436672 seconds.
  path: Assets/Assets de terceros/!Materials Collection/4 Snow Materials/snow_1_tga.tga
  artifactKey: Guid(1f27a16ed04f7e0499cca9e2d233da4c) Importer(815301076,1909f56bfc062723c751e8b465ee728b)
Start importing Assets/Assets de terceros/!Materials Collection/4 Snow Materials/snow_1_tga.tga using Guid(1f27a16ed04f7e0499cca9e2d233da4c) Importer(815301076,1909f56bfc062723c751e8b465ee728b)  -> (artifact id: '894de8ed3f9cdd59911b2386aa1c432d') in 0.037271 seconds
  Import took 0.063945 seconds .

========================================================================
Received Import Request.
  Time since last request: 0.000358 seconds.
  path: Assets/Assets de terceros/!Materials Collection/4 Snow Materials/snow_2_tga.tga
  artifactKey: Guid(9eccbb07d6b64db459a718c90fcb504e) Importer(815301076,1909f56bfc062723c751e8b465ee728b)
Start importing Assets/Assets de terceros/!Materials Collection/4 Snow Materials/snow_2_tga.tga using Guid(9eccbb07d6b64db459a718c90fcb504e) Importer(815301076,1909f56bfc062723c751e8b465ee728b)  -> (artifact id: '1f60474ddd9a1ff4318bad07a43d32aa') in 0.007734 seconds
  Import took 0.010841 seconds .

========================================================================
Received Import Request.
  Time since last request: 0.000319 seconds.
  path: Assets/Assets de terceros/!Materials Collection/4 Snow Materials/snow_3_tga.tga
  artifactKey: Guid(27cfa95353763794dafd1452e4c6b6a6) Importer(815301076,1909f56bfc062723c751e8b465ee728b)
Start importing Assets/Assets de terceros/!Materials Collection/4 Snow Materials/snow_3_tga.tga using Guid(27cfa95353763794dafd1452e4c6b6a6) Importer(815301076,1909f56bfc062723c751e8b465ee728b)  -> (artifact id: '339e04988132a83b71e50ca76983a4b5') in 0.008511 seconds
  Import took 0.027195 seconds .

========================================================================
Received Import Request.
  Time since last request: 0.000233 seconds.
  path: Assets/Assets de terceros/!Materials Collection/4 Snow Materials/snow_4_tga.tga
  artifactKey: Guid(7d91d62b3e622674cb6296921eb9db25) Importer(815301076,1909f56bfc062723c751e8b465ee728b)
Start importing Assets/Assets de terceros/!Materials Collection/4 Snow Materials/snow_4_tga.tga using Guid(7d91d62b3e622674cb6296921eb9db25) Importer(815301076,1909f56bfc062723c751e8b465ee728b)  -> (artifact id: '25c26c6f82495eaca3b56c75956aeec5') in 0.006848 seconds
  Import took 0.037064 seconds .

========================================================================
Received Import Request.
  Time since last request: 80.579176 seconds.
  path: Assets/Assets de terceros/!Materials Collection/4 Snow Materials/Materials
  artifactKey: Guid(6408c8719169e4e458e33b2096c89553) Importer(815301076,1909f56bfc062723c751e8b465ee728b)
Start importing Assets/Assets de terceros/!Materials Collection/4 Snow Materials/Materials using Guid(6408c8719169e4e458e33b2096c89553) Importer(815301076,1909f56bfc062723c751e8b465ee728b)  -> (artifact id: '662eceef6a427c3225ab270975d24862') in 0.002586 seconds
  Import took 0.017253 seconds .

========================================================================
Received Import Request.
  Time since last request: 8.442614 seconds.
  path: Assets/Assets de terceros/!Materials Collection/4 Snow Materials/Maps
  artifactKey: Guid(a73428e0c69630c45b292aaf8cdf8f9f) Importer(815301076,1909f56bfc062723c751e8b465ee728b)
Start importing Assets/Assets de terceros/!Materials Collection/4 Snow Materials/Maps using Guid(a73428e0c69630c45b292aaf8cdf8f9f) Importer(815301076,1909f56bfc062723c751e8b465ee728b)  -> (artifact id: 'b0a26837d414e2aa2357de010d9b473f') in 0.003544 seconds
  Import took 0.064038 seconds .

========================================================================
Received Import Request.
  Time since last request: 17.917343 seconds.
  path: Assets/Assets de terceros/!Materials Collection/4 Snow Materials
  artifactKey: Guid(0e0e7deeecb35e44389c010818a47d46) Importer(815301076,1909f56bfc062723c751e8b465ee728b)
Start importing Assets/Assets de terceros/!Materials Collection/4 Snow Materials using Guid(0e0e7deeecb35e44389c010818a47d46) Importer(815301076,1909f56bfc062723c751e8b465ee728b)  -> (artifact id: 'bccd5f11a31eb82e7163211f61832ed2') in 0.002325 seconds
  Import took 0.098408 seconds .

========================================================================
Received Import Request.
  Time since last request: 85.664963 seconds.
  path: Assets/Assets de terceros/Standard Assets/Environment/TerrainAssets/SurfaceTextures/CliffAlbedoSpecular.psd
  artifactKey: Guid(18214e9d6af6248559d501391856f1c7) Importer(815301076,1909f56bfc062723c751e8b465ee728b)
Start importing Assets/Assets de terceros/Standard Assets/Environment/TerrainAssets/SurfaceTextures/CliffAlbedoSpecular.psd using Guid(18214e9d6af6248559d501391856f1c7) Importer(815301076,1909f56bfc062723c751e8b465ee728b)  -> (artifact id: '63da20e390e1c7b4f0d963dbf2bb0312') in 0.067758 seconds
  Import took 0.070952 seconds .

========================================================================
Received Import Request.
  Time since last request: 0.000280 seconds.
  path: Assets/Assets de terceros/Standard Assets/Environment/TerrainAssets/SurfaceTextures/MudRockyAlbedoSpecular.bmp
  artifactKey: Guid(ef5c51cfa2ce46043a41a376b560c525) Importer(815301076,1909f56bfc062723c751e8b465ee728b)
Start importing Assets/Assets de terceros/Standard Assets/Environment/TerrainAssets/SurfaceTextures/MudRockyAlbedoSpecular.bmp using Guid(ef5c51cfa2ce46043a41a376b560c525) Importer(815301076,1909f56bfc062723c751e8b465ee728b)  -> (artifact id: 'd57cc252a0f74884f37de9a78c9f101c') in 0.074625 seconds
  Import took 0.098615 seconds .

========================================================================
Received Import Request.
  Time since last request: 0.000300 seconds.
  path: Assets/Assets de terceros/Standard Assets/Environment/TerrainAssets/SurfaceTextures/MudRockyNormals.bmp
  artifactKey: Guid(58a059b07b093a745b47c2191525ddce) Importer(815301076,1909f56bfc062723c751e8b465ee728b)
Start importing Assets/Assets de terceros/Standard Assets/Environment/TerrainAssets/SurfaceTextures/MudRockyNormals.bmp using Guid(58a059b07b093a745b47c2191525ddce) Importer(815301076,1909f56bfc062723c751e8b465ee728b)  -> (artifact id: 'c79940773a2c1d5161421c2ba0b54537') in 0.038320 seconds
  Import took 0.041217 seconds .

========================================================================
Received Import Request.
  Time since last request: 0.000267 seconds.
  path: Assets/Assets de terceros/Standard Assets/Environment/TerrainAssets/SurfaceTextures/CliffAlbedoSpecular.psd
  artifactKey: Guid(18214e9d6af6248559d501391856f1c7) Importer(815301076,1909f56bfc062723c751e8b465ee728b)
Start importing Assets/Assets de terceros/Standard Assets/Environment/TerrainAssets/SurfaceTextures/CliffAlbedoSpecular.psd using Guid(18214e9d6af6248559d501391856f1c7) Importer(815301076,1909f56bfc062723c751e8b465ee728b)  -> (artifact id: '63da20e390e1c7b4f0d963dbf2bb0312') in 0.006874 seconds
  Import took 0.010000 seconds .

========================================================================
Received Import Request.
  Time since last request: 0.000231 seconds.
  path: Assets/Assets de terceros/Standard Assets/Environment/TerrainAssets/SurfaceTextures/SandAlbedo.psd
  artifactKey: Guid(bfd675cc0db1d4656b75dc6d6ba91142) Importer(815301076,1909f56bfc062723c751e8b465ee728b)
Start importing Assets/Assets de terceros/Standard Assets/Environment/TerrainAssets/SurfaceTextures/SandAlbedo.psd using Guid(bfd675cc0db1d4656b75dc6d6ba91142) Importer(815301076,1909f56bfc062723c751e8b465ee728b)  -> (artifact id: '83a9f09f9d9bd6255a2783569d09a197') in 0.007177 seconds
  Import took 0.020362 seconds .

========================================================================
Received Import Request.
  Time since last request: 0.000304 seconds.
  path: Assets/Assets de terceros/Standard Assets/Environment/TerrainAssets/SurfaceTextures/GrassRockyAlbedo.psd
  artifactKey: Guid(440eb36db91ca410f800ff3cfe43572f) Importer(815301076,1909f56bfc062723c751e8b465ee728b)
Start importing Assets/Assets de terceros/Standard Assets/Environment/TerrainAssets/SurfaceTextures/GrassRockyAlbedo.psd using Guid(440eb36db91ca410f800ff3cfe43572f) Importer(815301076,1909f56bfc062723c751e8b465ee728b)  -> (artifact id: '3433d224a3ef0e59dbb3484d4436cea8') in 0.021230 seconds
  Import took 0.024529 seconds .

========================================================================
Received Import Request.
  Time since last request: 0.000247 seconds.
  path: Assets/Assets de terceros/Standard Assets/Environment/TerrainAssets/SurfaceTextures/GrassHillAlbedo.psd
  artifactKey: Guid(c6e0767b1f8c34890ac245217f4b9731) Importer(815301076,1909f56bfc062723c751e8b465ee728b)
Start importing Assets/Assets de terceros/Standard Assets/Environment/TerrainAssets/SurfaceTextures/GrassHillAlbedo.psd using Guid(c6e0767b1f8c34890ac245217f4b9731) Importer(815301076,1909f56bfc062723c751e8b465ee728b)  -> (artifact id: '12b2770be32a7216812111518c8c54e1') in 0.016060 seconds
  Import took 0.034437 seconds .

========================================================================
Received Import Request.
  Time since last request: 0.002340 seconds.
  path: Assets/Assets de terceros/Standard Assets/Environment/TerrainAssets/SurfaceTextures/GrassHillAlbedo.psd
  artifactKey: Guid(c6e0767b1f8c34890ac245217f4b9731) Importer(815301076,1909f56bfc062723c751e8b465ee728b)
Start importing Assets/Assets de terceros/Standard Assets/Environment/TerrainAssets/SurfaceTextures/GrassHillAlbedo.psd using Guid(c6e0767b1f8c34890ac245217f4b9731) Importer(815301076,1909f56bfc062723c751e8b465ee728b)  -> (artifact id: '12b2770be32a7216812111518c8c54e1') in 0.007188 seconds
  Import took 0.009739 seconds .

========================================================================
Received Import Request.
  Time since last request: 53.088423 seconds.
  path: Assets/Assets de terceros/!Materials Collection/4 Snow Materials/snow_3_tga 1.tga
  artifactKey: Guid(556b36c764d3ca747bf5a7386e89e208) Importer(815301076,1909f56bfc062723c751e8b465ee728b)
Start importing Assets/Assets de terceros/!Materials Collection/4 Snow Materials/snow_3_tga 1.tga using Guid(556b36c764d3ca747bf5a7386e89e208) Importer(815301076,1909f56bfc062723c751e8b465ee728b)  -> (artifact id: 'c335b0e1320eff69ab8b08ab1a53a7bb') in 0.017894 seconds
  Import took 0.021182 seconds .

========================================================================
Received Import Request.
  Time since last request: 0.001863 seconds.
  path: Assets/Assets de terceros/!Materials Collection/4 Snow Materials/snow_3_tga 1.tga
  artifactKey: Guid(556b36c764d3ca747bf5a7386e89e208) Importer(815301076,1909f56bfc062723c751e8b465ee728b)
Start importing Assets/Assets de terceros/!Materials Collection/4 Snow Materials/snow_3_tga 1.tga using Guid(556b36c764d3ca747bf5a7386e89e208) Importer(815301076,1909f56bfc062723c751e8b465ee728b)  -> (artifact id: 'c335b0e1320eff69ab8b08ab1a53a7bb') in 0.009879 seconds
  Import took 0.013025 seconds .

========================================================================
Received Import Request.
  Time since last request: 3.261948 seconds.
  path: Assets/_TerrainAutoUpgrade/layer_SandAlbedo3d3aba195e4d26ee 1.terrainlayer
  artifactKey: Guid(14c0efea31a0b0d48814a3293bc65316) Importer(815301076,1909f56bfc062723c751e8b465ee728b)
Start importing Assets/_TerrainAutoUpgrade/layer_SandAlbedo3d3aba195e4d26ee 1.terrainlayer using Guid(14c0efea31a0b0d48814a3293bc65316) Importer(815301076,1909f56bfc062723c751e8b465ee728b)  -> (artifact id: 'de0da369e59e9e63e53ec816353641e4') in 0.031060 seconds
  Import took 0.051694 seconds .

========================================================================
Received Import Request.
  Time since last request: 14.170535 seconds.
  path: Assets/Assets de terceros/Standard Assets/Environment/TerrainAssets/BillboardTextures/GrassFrond01AlbedoAlpha.psd
  artifactKey: Guid(2c528fec5d95e4ac28cf46399b887662) Importer(815301076,1909f56bfc062723c751e8b465ee728b)
Start importing Assets/Assets de terceros/Standard Assets/Environment/TerrainAssets/BillboardTextures/GrassFrond01AlbedoAlpha.psd using Guid(2c528fec5d95e4ac28cf46399b887662) Importer(815301076,1909f56bfc062723c751e8b465ee728b)  -> (artifact id: '6a443a12376e43129d6c83af4a7a080e') in 0.028260 seconds
  Import took 0.042182 seconds .

========================================================================
Received Import Request.
  Time since last request: 0.000327 seconds.
  path: Assets/Assets de terceros/Standard Assets/Environment/TerrainAssets/BillboardTextures/GrassFrond02AlbedoAlpha.psd
  artifactKey: Guid(d6cdc79ec19714fcd980ca3f6ac01a0a) Importer(815301076,1909f56bfc062723c751e8b465ee728b)
Start importing Assets/Assets de terceros/Standard Assets/Environment/TerrainAssets/BillboardTextures/GrassFrond02AlbedoAlpha.psd using Guid(d6cdc79ec19714fcd980ca3f6ac01a0a) Importer(815301076,1909f56bfc062723c751e8b465ee728b)  -> (artifact id: '7d3536d9029035405cf5f09b3aea4143') in 0.019181 seconds
  Import took 0.030783 seconds .

========================================================================
Received Import Request.
  Time since last request: 189.011648 seconds.
  path: Assets/Assets de terceros/Standard Assets/Environment/TerrainAssets/SurfaceTextures
  artifactKey: Guid(4f9d71771b07cb6438e0d35b038b43a7) Importer(815301076,1909f56bfc062723c751e8b465ee728b)
Start importing Assets/Assets de terceros/Standard Assets/Environment/TerrainAssets/SurfaceTextures using Guid(4f9d71771b07cb6438e0d35b038b43a7) Importer(815301076,1909f56bfc062723c751e8b465ee728b)  -> (artifact id: 'b91e1f5a157386c214008c5eed3b878a') in 0.008322 seconds
  Import took 0.018570 seconds .

========================================================================
Received Import Request.
  Time since last request: 950.870322 seconds.
  path: Assets/Assets de terceros/Standard Assets/Environment/TerrainAssets
  artifactKey: Guid(7e6f84bf81c8d4de280f1133cff7e601) Importer(815301076,1909f56bfc062723c751e8b465ee728b)
Start importing Assets/Assets de terceros/Standard Assets/Environment/TerrainAssets using Guid(7e6f84bf81c8d4de280f1133cff7e601) Importer(815301076,1909f56bfc062723c751e8b465ee728b)  -> (artifact id: 'd96de87ab5cebcf09679db5cf505c780') in 0.002437 seconds
  Import took 0.023046 seconds .

========================================================================
Received Import Request.
  Time since last request: 0.790784 seconds.
  path: Assets/Assets de terceros/Standard Assets/Environment/TerrainAssets/BillboardTextures
  artifactKey: Guid(cba4562cece794697b418ce8e7c04b3c) Importer(815301076,1909f56bfc062723c751e8b465ee728b)
Start importing Assets/Assets de terceros/Standard Assets/Environment/TerrainAssets/BillboardTextures using Guid(cba4562cece794697b418ce8e7c04b3c) Importer(815301076,1909f56bfc062723c751e8b465ee728b)  -> (artifact id: 'dcc4894e742dd6d6ff35419e916b1243') in 0.002461 seconds
  Import took 0.013431 seconds .

========================================================================
Received Prepare
Registering precompiled user dll's ...
Registered in 0.000974 seconds.
Begin MonoManager ReloadAssembly
Native extension for Lumin target not found
Native extension for LinuxStandalone target not found
Native extension for WindowsStandalone target not found
Native extension for OSXStandalone target not found
Native extension for WebGL target not found
Refreshing native plugins compatible for Editor in 0.42 ms, found 0 plugins.
Preloading 0 native plugins for Editor in 0.00 ms.
Warning: Annotation not found!
UnityEngine.StackTraceUtility:ExtractStackTrace ()
UnityEditor.ProBuilder.EditorUtility:SetGizmoIconEnabled (System.Type,bool) (at Library/PackageCache/com.unity.probuilder@4.5.0/Editor/EditorCore/EditorUtility.cs:593)
UnityEditor.ProBuilder.HierarchyListener:.cctor () (at Library/PackageCache/com.unity.probuilder@4.5.0/Editor/EditorCore/HierarchyListener.cs:21)
System.Runtime.CompilerServices.RuntimeHelpers:RunClassConstructor (System.RuntimeTypeHandle)
UnityEditor.EditorAssemblies:ProcessInitializeOnLoadAttributes (System.Type[])

[Library/PackageCache/com.unity.probuilder@4.5.0/Editor/EditorCore/EditorUtility.cs line 593]

Mono: successfully reloaded assembly
- Completed reload, in  1.284 seconds
Platform modules already initialized, skipping
Refreshing native plugins compatible for Editor in 0.42 ms, found 0 plugins.
Preloading 0 native plugins for Editor in 0.00 ms.
Unloading 1670 Unused Serialized files (Serialized files now loaded: 0)
System memory in use before: 179.8 MB.
System memory in use after: 179.7 MB.

Unloading 8 unused Assets to reduce memory usage. Loaded Objects now: 2280.
Total: 3.341000 ms (FindLiveObjects: 0.272900 ms CreateObjectMapping: 0.047300 ms MarkObjects: 2.700200 ms  DeleteObjects: 0.318400 ms)

========================================================================
Received Prepare
Registering precompiled user dll's ...
Registered in 0.000975 seconds.
Begin MonoManager ReloadAssembly
Native extension for Lumin target not found
Native extension for LinuxStandalone target not found
Native extension for WindowsStandalone target not found
Native extension for OSXStandalone target not found
Native extension for WebGL target not found
Refreshing native plugins compatible for Editor in 0.40 ms, found 0 plugins.
Preloading 0 native plugins for Editor in 0.00 ms.
Warning: Annotation not found!
UnityEngine.StackTraceUtility:ExtractStackTrace ()
UnityEditor.ProBuilder.EditorUtility:SetGizmoIconEnabled (System.Type,bool) (at Library/PackageCache/com.unity.probuilder@4.5.0/Editor/EditorCore/EditorUtility.cs:593)
UnityEditor.ProBuilder.HierarchyListener:.cctor () (at Library/PackageCache/com.unity.probuilder@4.5.0/Editor/EditorCore/HierarchyListener.cs:21)
System.Runtime.CompilerServices.RuntimeHelpers:RunClassConstructor (System.RuntimeTypeHandle)
UnityEditor.EditorAssemblies:ProcessInitializeOnLoadAttributes (System.Type[])

[Library/PackageCache/com.unity.probuilder@4.5.0/Editor/EditorCore/EditorUtility.cs line 593]

Mono: successfully reloaded assembly
- Completed reload, in  1.165 seconds
Platform modules already initialized, skipping
Refreshing native plugins compatible for Editor in 0.40 ms, found 0 plugins.
Preloading 0 native plugins for Editor in 0.00 ms.
Unloading 1670 Unused Serialized files (Serialized files now loaded: 0)
System memory in use before: 179.9 MB.
System memory in use after: 179.7 MB.

Unloading 8 unused Assets to reduce memory usage. Loaded Objects now: 2283.
Total: 3.160500 ms (FindLiveObjects: 0.214100 ms CreateObjectMapping: 0.042300 ms MarkObjects: 2.624100 ms  DeleteObjects: 0.278900 ms)

========================================================================
Received Prepare
Registering precompiled user dll's ...
Registered in 0.000988 seconds.
Begin MonoManager ReloadAssembly
Native extension for Lumin target not found
Native extension for LinuxStandalone target not found
Native extension for WindowsStandalone target not found
Native extension for OSXStandalone target not found
Native extension for WebGL target not found
Refreshing native plugins compatible for Editor in 0.42 ms, found 0 plugins.
Preloading 0 native plugins for Editor in 0.00 ms.
Warning: Annotation not found!
UnityEngine.StackTraceUtility:ExtractStackTrace ()
UnityEditor.ProBuilder.EditorUtility:SetGizmoIconEnabled (System.Type,bool) (at Library/PackageCache/com.unity.probuilder@4.5.0/Editor/EditorCore/EditorUtility.cs:593)
UnityEditor.ProBuilder.HierarchyListener:.cctor () (at Library/PackageCache/com.unity.probuilder@4.5.0/Editor/EditorCore/HierarchyListener.cs:21)
System.Runtime.CompilerServices.RuntimeHelpers:RunClassConstructor (System.RuntimeTypeHandle)
UnityEditor.EditorAssemblies:ProcessInitializeOnLoadAttributes (System.Type[])

[Library/PackageCache/com.unity.probuilder@4.5.0/Editor/EditorCore/EditorUtility.cs line 593]

Mono: successfully reloaded assembly
- Completed reload, in  1.091 seconds
Platform modules already initialized, skipping
Refreshing native plugins compatible for Editor in 0.39 ms, found 0 plugins.
Preloading 0 native plugins for Editor in 0.00 ms.
Unloading 1670 Unused Serialized files (Serialized files now loaded: 0)
System memory in use before: 179.9 MB.
System memory in use after: 179.8 MB.

Unloading 8 unused Assets to reduce memory usage. Loaded Objects now: 2286.
Total: 2.470000 ms (FindLiveObjects: 0.245800 ms CreateObjectMapping: 0.042300 ms MarkObjects: 1.909500 ms  DeleteObjects: 0.271300 ms)

========================================================================
Received Import Request.
  Time since last request: 12360.623955 seconds.
  path: Assets/Scenes/PrimeraBatalla.unity
  artifactKey: Guid(9fc0d4010bbf28b4594072e72b8655ab) Importer(815301076,1909f56bfc062723c751e8b465ee728b)
Start importing Assets/Scenes/PrimeraBatalla.unity using Guid(9fc0d4010bbf28b4594072e72b8655ab) Importer(815301076,1909f56bfc062723c751e8b465ee728b)  -> (artifact id: 'ab1b32210fffe27300beb41bbc28bfb9') in 0.031041 seconds
  Import took 0.083652 seconds .

========================================================================
Received Import Request.
  Time since last request: 5.668985 seconds.
  path: Assets/Scenes/SegundaBatalla.unity
  artifactKey: Guid(d887fc93e5a29fb4fae7430067f6302b) Importer(815301076,1909f56bfc062723c751e8b465ee728b)
Start importing Assets/Scenes/SegundaBatalla.unity using Guid(d887fc93e5a29fb4fae7430067f6302b) Importer(815301076,1909f56bfc062723c751e8b465ee728b)  -> (artifact id: '14b6bcac56e26abbbc174bdd8be65add') in 0.003003 seconds
  Import took 0.017564 seconds .

========================================================================
Received Import Request.
  Time since last request: 47.203415 seconds.
  path: Assets/Scenes/SegundaBatalla.unity
  artifactKey: Guid(d887fc93e5a29fb4fae7430067f6302b) Importer(815301076,1909f56bfc062723c751e8b465ee728b)
Start importing Assets/Scenes/SegundaBatalla.unity using Guid(d887fc93e5a29fb4fae7430067f6302b) Importer(815301076,1909f56bfc062723c751e8b465ee728b)  -> (artifact id: '0adbe441134ab17c36b6aabf8e5f7005') in 0.002853 seconds
  Import took 0.005698 seconds .

========================================================================
Received Import Request.
  Time since last request: 0.001930 seconds.
  path: Assets/Scenes/SegundaBatalla.unity
  artifactKey: Guid(d887fc93e5a29fb4fae7430067f6302b) Importer(815301076,1909f56bfc062723c751e8b465ee728b)
Start importing Assets/Scenes/SegundaBatalla.unity using Guid(d887fc93e5a29fb4fae7430067f6302b) Importer(815301076,1909f56bfc062723c751e8b465ee728b)  -> (artifact id: '0adbe441134ab17c36b6aabf8e5f7005') in 0.002110 seconds
  Import took 0.004653 seconds .

========================================================================
Received Import Request.
  Time since last request: 56.139192 seconds.
  path: Assets/Scenes/SegundaBatalla.unity
  artifactKey: Guid(d887fc93e5a29fb4fae7430067f6302b) Importer(815301076,1909f56bfc062723c751e8b465ee728b)
Start importing Assets/Scenes/SegundaBatalla.unity using Guid(d887fc93e5a29fb4fae7430067f6302b) Importer(815301076,1909f56bfc062723c751e8b465ee728b)  -> (artifact id: 'eb3f7779eba3995a64bfa4ed06da9b1e') in 0.002983 seconds
  Import took 0.015938 seconds .

========================================================================
Received Import Request.
  Time since last request: 18.152784 seconds.
  path: Assets/Scenes/SegundaBatalla.unity
  artifactKey: Guid(d887fc93e5a29fb4fae7430067f6302b) Importer(815301076,1909f56bfc062723c751e8b465ee728b)
Start importing Assets/Scenes/SegundaBatalla.unity using Guid(d887fc93e5a29fb4fae7430067f6302b) Importer(815301076,1909f56bfc062723c751e8b465ee728b)  -> (artifact id: '46945ed9b5de8ad754419e1bd8e182ca') in 0.002724 seconds
  Import took 0.005772 seconds .

========================================================================
Received Import Request.
  Time since last request: 28.678289 seconds.
  path: Assets/Scenes/SegundaBatalla.unity
  artifactKey: Guid(d887fc93e5a29fb4fae7430067f6302b) Importer(815301076,1909f56bfc062723c751e8b465ee728b)
Start importing Assets/Scenes/SegundaBatalla.unity using Guid(d887fc93e5a29fb4fae7430067f6302b) Importer(815301076,1909f56bfc062723c751e8b465ee728b)  -> (artifact id: 'c33cf2534daf47a238adcfe1d7871aa8') in 0.002592 seconds
  Import took 0.005635 seconds .

========================================================================
Received Import Request.
  Time since last request: 29.454367 seconds.
  path: Assets/Scenes/SegundaBatalla.unity
  artifactKey: Guid(d887fc93e5a29fb4fae7430067f6302b) Importer(815301076,1909f56bfc062723c751e8b465ee728b)
Start importing Assets/Scenes/SegundaBatalla.unity using Guid(d887fc93e5a29fb4fae7430067f6302b) Importer(815301076,1909f56bfc062723c751e8b465ee728b)  -> (artifact id: '6811840335b0b857baef25e035d4f717') in 0.002530 seconds
  Import took 0.005331 seconds .

========================================================================
Received Import Request.
  Time since last request: 30.514053 seconds.
  path: Assets/Assets de terceros/ExplosiveLLC/Warrior Pack Bundle 2 FREE/Archer Warrior Mecanim Animation Pack/Prefabs/Arquero_Proyecto.prefab
  artifactKey: Guid(2eda76b94369ccc47a2e9ed5f1198330) Importer(815301076,1909f56bfc062723c751e8b465ee728b)
Start importing Assets/Assets de terceros/ExplosiveLLC/Warrior Pack Bundle 2 FREE/Archer Warrior Mecanim Animation Pack/Prefabs/Arquero_Proyecto.prefab using Guid(2eda76b94369ccc47a2e9ed5f1198330) Importer(815301076,1909f56bfc062723c751e8b465ee728b)  -> (artifact id: '0083b0d86d631869403a94f89f9aeeb7') in 0.269597 seconds
  Import took 0.273483 seconds .

========================================================================
Received Import Request.
  Time since last request: 0.000264 seconds.
  path: Assets/Assets de terceros/ExplosiveLLC/Warrior Pack Bundle 2 FREE/2 Handed Warrior Mecanim Animation Pack/Prefabs/Guerrero_Proyecto.prefab
  artifactKey: Guid(f8ca1734b33ff3f4086fdd6fb2e1dfa7) Importer(815301076,1909f56bfc062723c751e8b465ee728b)
Start importing Assets/Assets de terceros/ExplosiveLLC/Warrior Pack Bundle 2 FREE/2 Handed Warrior Mecanim Animation Pack/Prefabs/Guerrero_Proyecto.prefab using Guid(f8ca1734b33ff3f4086fdd6fb2e1dfa7) Importer(815301076,1909f56bfc062723c751e8b465ee728b)  -> (artifact id: 'df78fd8db7b8f841b7a9ea4be2bea888') in 0.179391 seconds
  Import took 0.190607 seconds .

========================================================================
Received Prepare
Registering precompiled user dll's ...
Registered in 0.001103 seconds.
Begin MonoManager ReloadAssembly
Native extension for Lumin target not found
Native extension for LinuxStandalone target not found
Native extension for WindowsStandalone target not found
Native extension for OSXStandalone target not found
Native extension for WebGL target not found
Refreshing native plugins compatible for Editor in 0.40 ms, found 0 plugins.
Preloading 0 native plugins for Editor in 0.00 ms.
Warning: Annotation not found!
UnityEngine.StackTraceUtility:ExtractStackTrace ()
UnityEditor.ProBuilder.EditorUtility:SetGizmoIconEnabled (System.Type,bool) (at Library/PackageCache/com.unity.probuilder@4.5.0/Editor/EditorCore/EditorUtility.cs:593)
UnityEditor.ProBuilder.HierarchyListener:.cctor () (at Library/PackageCache/com.unity.probuilder@4.5.0/Editor/EditorCore/HierarchyListener.cs:21)
System.Runtime.CompilerServices.RuntimeHelpers:RunClassConstructor (System.RuntimeTypeHandle)
UnityEditor.EditorAssemblies:ProcessInitializeOnLoadAttributes (System.Type[])

[Library/PackageCache/com.unity.probuilder@4.5.0/Editor/EditorCore/EditorUtility.cs line 593]

Mono: successfully reloaded assembly
- Completed reload, in  1.121 seconds
Platform modules already initialized, skipping
Refreshing native plugins compatible for Editor in 0.39 ms, found 0 plugins.
Preloading 0 native plugins for Editor in 0.00 ms.
Unloading 1670 Unused Serialized files (Serialized files now loaded: 0)
System memory in use before: 193.6 MB.
System memory in use after: 193.5 MB.

Unloading 10 unused Assets to reduce memory usage. Loaded Objects now: 2291.
Total: 2.518800 ms (FindLiveObjects: 0.190000 ms CreateObjectMapping: 0.043700 ms MarkObjects: 2.026100 ms  DeleteObjects: 0.257800 ms)

========================================================================
Received Prepare
Registering precompiled user dll's ...
Registered in 0.000884 seconds.
Begin MonoManager ReloadAssembly
Native extension for Lumin target not found
Native extension for LinuxStandalone target not found
Native extension for WindowsStandalone target not found
Native extension for OSXStandalone target not found
Native extension for WebGL target not found
Refreshing native plugins compatible for Editor in 0.44 ms, found 0 plugins.
Preloading 0 native plugins for Editor in 0.00 ms.
Warning: Annotation not found!
UnityEngine.StackTraceUtility:ExtractStackTrace ()
UnityEditor.ProBuilder.EditorUtility:SetGizmoIconEnabled (System.Type,bool) (at Library/PackageCache/com.unity.probuilder@4.5.0/Editor/EditorCore/EditorUtility.cs:593)
UnityEditor.ProBuilder.HierarchyListener:.cctor () (at Library/PackageCache/com.unity.probuilder@4.5.0/Editor/EditorCore/HierarchyListener.cs:21)
System.Runtime.CompilerServices.RuntimeHelpers:RunClassConstructor (System.RuntimeTypeHandle)
UnityEditor.EditorAssemblies:ProcessInitializeOnLoadAttributes (System.Type[])

[Library/PackageCache/com.unity.probuilder@4.5.0/Editor/EditorCore/EditorUtility.cs line 593]

Mono: successfully reloaded assembly
- Completed reload, in  1.137 seconds
Platform modules already initialized, skipping
Refreshing native plugins compatible for Editor in 0.44 ms, found 0 plugins.
Preloading 0 native plugins for Editor in 0.00 ms.
Unloading 1670 Unused Serialized files (Serialized files now loaded: 0)
System memory in use before: 193.6 MB.
System memory in use after: 193.5 MB.

Unloading 8 unused Assets to reduce memory usage. Loaded Objects now: 2294.
Total: 2.531800 ms (FindLiveObjects: 0.227900 ms CreateObjectMapping: 0.043500 ms MarkObjects: 1.990600 ms  DeleteObjects: 0.268100 ms)

========================================================================
Received Prepare
Registering precompiled user dll's ...
Registered in 0.000900 seconds.
Begin MonoManager ReloadAssembly
Native extension for Lumin target not found
Native extension for LinuxStandalone target not found
Native extension for WindowsStandalone target not found
Native extension for OSXStandalone target not found
Native extension for WebGL target not found
Refreshing native plugins compatible for Editor in 0.40 ms, found 0 plugins.
Preloading 0 native plugins for Editor in 0.00 ms.
Warning: Annotation not found!
UnityEngine.StackTraceUtility:ExtractStackTrace ()
UnityEditor.ProBuilder.EditorUtility:SetGizmoIconEnabled (System.Type,bool) (at Library/PackageCache/com.unity.probuilder@4.5.0/Editor/EditorCore/EditorUtility.cs:593)
UnityEditor.ProBuilder.HierarchyListener:.cctor () (at Library/PackageCache/com.unity.probuilder@4.5.0/Editor/EditorCore/HierarchyListener.cs:21)
System.Runtime.CompilerServices.RuntimeHelpers:RunClassConstructor (System.RuntimeTypeHandle)
UnityEditor.EditorAssemblies:ProcessInitializeOnLoadAttributes (System.Type[])

[Library/PackageCache/com.unity.probuilder@4.5.0/Editor/EditorCore/EditorUtility.cs line 593]

Mono: successfully reloaded assembly
- Completed reload, in  1.096 seconds
Platform modules already initialized, skipping
Refreshing native plugins compatible for Editor in 0.49 ms, found 0 plugins.
Preloading 0 native plugins for Editor in 0.00 ms.
Unloading 1670 Unused Serialized files (Serialized files now loaded: 0)
System memory in use before: 193.7 MB.
System memory in use after: 193.5 MB.

Unloading 8 unused Assets to reduce memory usage. Loaded Objects now: 2297.
Total: 2.501600 ms (FindLiveObjects: 0.251400 ms CreateObjectMapping: 0.044900 ms MarkObjects: 1.941300 ms  DeleteObjects: 0.262100 ms)

========================================================================
Received Prepare
Registering precompiled user dll's ...
Registered in 0.000905 seconds.
Begin MonoManager ReloadAssembly
Native extension for Lumin target not found
Native extension for LinuxStandalone target not found
Native extension for WindowsStandalone target not found
Native extension for OSXStandalone target not found
Native extension for WebGL target not found
Refreshing native plugins compatible for Editor in 0.45 ms, found 0 plugins.
Preloading 0 native plugins for Editor in 0.00 ms.
Warning: Annotation not found!
UnityEngine.StackTraceUtility:ExtractStackTrace ()
UnityEditor.ProBuilder.EditorUtility:SetGizmoIconEnabled (System.Type,bool) (at Library/PackageCache/com.unity.probuilder@4.5.0/Editor/EditorCore/EditorUtility.cs:593)
UnityEditor.ProBuilder.HierarchyListener:.cctor () (at Library/PackageCache/com.unity.probuilder@4.5.0/Editor/EditorCore/HierarchyListener.cs:21)
System.Runtime.CompilerServices.RuntimeHelpers:RunClassConstructor (System.RuntimeTypeHandle)
UnityEditor.EditorAssemblies:ProcessInitializeOnLoadAttributes (System.Type[])

[Library/PackageCache/com.unity.probuilder@4.5.0/Editor/EditorCore/EditorUtility.cs line 593]

Mono: successfully reloaded assembly
- Completed reload, in  1.424 seconds
Platform modules already initialized, skipping
Refreshing native plugins compatible for Editor in 0.42 ms, found 0 plugins.
Preloading 0 native plugins for Editor in 0.00 ms.
Unloading 1670 Unused Serialized files (Serialized files now loaded: 0)
System memory in use before: 193.7 MB.
System memory in use after: 193.5 MB.

Unloading 8 unused Assets to reduce memory usage. Loaded Objects now: 2300.
Total: 2.972900 ms (FindLiveObjects: 0.344400 ms CreateObjectMapping: 0.089000 ms MarkObjects: 2.239600 ms  DeleteObjects: 0.297800 ms)

========================================================================
Received Prepare
Registering precompiled user dll's ...
Registered in 0.001256 seconds.
Begin MonoManager ReloadAssembly
Native extension for Lumin target not found
Native extension for LinuxStandalone target not found
Native extension for WindowsStandalone target not found
Native extension for OSXStandalone target not found
Native extension for WebGL target not found
Refreshing native plugins compatible for Editor in 0.41 ms, found 0 plugins.
Preloading 0 native plugins for Editor in 0.00 ms.
Warning: Annotation not found!
UnityEngine.StackTraceUtility:ExtractStackTrace ()
UnityEditor.ProBuilder.EditorUtility:SetGizmoIconEnabled (System.Type,bool) (at Library/PackageCache/com.unity.probuilder@4.5.0/Editor/EditorCore/EditorUtility.cs:593)
UnityEditor.ProBuilder.HierarchyListener:.cctor () (at Library/PackageCache/com.unity.probuilder@4.5.0/Editor/EditorCore/HierarchyListener.cs:21)
System.Runtime.CompilerServices.RuntimeHelpers:RunClassConstructor (System.RuntimeTypeHandle)
UnityEditor.EditorAssemblies:ProcessInitializeOnLoadAttributes (System.Type[])

[Library/PackageCache/com.unity.probuilder@4.5.0/Editor/EditorCore/EditorUtility.cs line 593]

Mono: successfully reloaded assembly
- Completed reload, in  1.311 seconds
Platform modules already initialized, skipping
Refreshing native plugins compatible for Editor in 0.55 ms, found 0 plugins.
Preloading 0 native plugins for Editor in 0.00 ms.
Unloading 1670 Unused Serialized files (Serialized files now loaded: 0)
System memory in use before: 193.7 MB.
System memory in use after: 193.5 MB.

Unloading 8 unused Assets to reduce memory usage. Loaded Objects now: 2303.
Total: 3.379500 ms (FindLiveObjects: 0.283100 ms CreateObjectMapping: 0.044200 ms MarkObjects: 2.715100 ms  DeleteObjects: 0.335100 ms)

========================================================================
Received Import Request.
  Time since last request: 2493.046754 seconds.
  path: Assets/Scenes/SegundaBatalla.unity
  artifactKey: Guid(d887fc93e5a29fb4fae7430067f6302b) Importer(815301076,1909f56bfc062723c751e8b465ee728b)
Start importing Assets/Scenes/SegundaBatalla.unity using Guid(d887fc93e5a29fb4fae7430067f6302b) Importer(815301076,1909f56bfc062723c751e8b465ee728b)  -> (artifact id: 'ff08a576f511d720c735ea674dab96c2') in 0.014419 seconds
  Import took 0.017531 seconds .

========================================================================
Received Prepare
Registering precompiled user dll's ...
Registered in 0.001102 seconds.
Begin MonoManager ReloadAssembly
Native extension for Lumin target not found
Native extension for LinuxStandalone target not found
Native extension for WindowsStandalone target not found
Native extension for OSXStandalone target not found
Native extension for WebGL target not found
Refreshing native plugins compatible for Editor in 0.75 ms, found 0 plugins.
Preloading 0 native plugins for Editor in 0.00 ms.
Warning: Annotation not found!
UnityEngine.StackTraceUtility:ExtractStackTrace ()
UnityEditor.ProBuilder.EditorUtility:SetGizmoIconEnabled (System.Type,bool) (at Library/PackageCache/com.unity.probuilder@4.5.0/Editor/EditorCore/EditorUtility.cs:593)
UnityEditor.ProBuilder.HierarchyListener:.cctor () (at Library/PackageCache/com.unity.probuilder@4.5.0/Editor/EditorCore/HierarchyListener.cs:21)
System.Runtime.CompilerServices.RuntimeHelpers:RunClassConstructor (System.RuntimeTypeHandle)
UnityEditor.EditorAssemblies:ProcessInitializeOnLoadAttributes (System.Type[])

[Library/PackageCache/com.unity.probuilder@4.5.0/Editor/EditorCore/EditorUtility.cs line 593]

Mono: successfully reloaded assembly
- Completed reload, in  1.254 seconds
Platform modules already initialized, skipping
Refreshing native plugins compatible for Editor in 0.46 ms, found 0 plugins.
Preloading 0 native plugins for Editor in 0.00 ms.
Unloading 1670 Unused Serialized files (Serialized files now loaded: 0)
System memory in use before: 193.7 MB.
System memory in use after: 193.5 MB.

Unloading 8 unused Assets to reduce memory usage. Loaded Objects now: 2306.
Total: 2.844500 ms (FindLiveObjects: 0.248800 ms CreateObjectMapping: 0.051000 ms MarkObjects: 2.262000 ms  DeleteObjects: 0.281600 ms)

========================================================================
Received Prepare
Registering precompiled user dll's ...
Registered in 0.001064 seconds.
Begin MonoManager ReloadAssembly
Native extension for Lumin target not found
Native extension for LinuxStandalone target not found
Native extension for WindowsStandalone target not found
Native extension for OSXStandalone target not found
Native extension for WebGL target not found
Refreshing native plugins compatible for Editor in 0.46 ms, found 0 plugins.
Preloading 0 native plugins for Editor in 0.00 ms.
Warning: Annotation not found!
UnityEngine.StackTraceUtility:ExtractStackTrace ()
UnityEditor.ProBuilder.EditorUtility:SetGizmoIconEnabled (System.Type,bool) (at Library/PackageCache/com.unity.probuilder@4.5.0/Editor/EditorCore/EditorUtility.cs:593)
UnityEditor.ProBuilder.HierarchyListener:.cctor () (at Library/PackageCache/com.unity.probuilder@4.5.0/Editor/EditorCore/HierarchyListener.cs:21)
System.Runtime.CompilerServices.RuntimeHelpers:RunClassConstructor (System.RuntimeTypeHandle)
UnityEditor.EditorAssemblies:ProcessInitializeOnLoadAttributes (System.Type[])

[Library/PackageCache/com.unity.probuilder@4.5.0/Editor/EditorCore/EditorUtility.cs line 593]

Mono: successfully reloaded assembly
- Completed reload, in  1.183 seconds
Platform modules already initialized, skipping
Refreshing native plugins compatible for Editor in 0.75 ms, found 0 plugins.
Preloading 0 native plugins for Editor in 0.00 ms.
Unloading 1670 Unused Serialized files (Serialized files now loaded: 0)
System memory in use before: 193.7 MB.
System memory in use after: 193.6 MB.

Unloading 8 unused Assets to reduce memory usage. Loaded Objects now: 2309.
Total: 2.760800 ms (FindLiveObjects: 0.240100 ms CreateObjectMapping: 0.043400 ms MarkObjects: 2.193300 ms  DeleteObjects: 0.282300 ms)

========================================================================
Received Prepare
Registering precompiled user dll's ...
Registered in 0.001067 seconds.
Begin MonoManager ReloadAssembly
Native extension for Lumin target not found
Native extension for LinuxStandalone target not found
Native extension for WindowsStandalone target not found
Native extension for OSXStandalone target not found
Native extension for WebGL target not found
Refreshing native plugins compatible for Editor in 0.47 ms, found 0 plugins.
Preloading 0 native plugins for Editor in 0.00 ms.
Warning: Annotation not found!
UnityEngine.StackTraceUtility:ExtractStackTrace ()
UnityEditor.ProBuilder.EditorUtility:SetGizmoIconEnabled (System.Type,bool) (at Library/PackageCache/com.unity.probuilder@4.5.0/Editor/EditorCore/EditorUtility.cs:593)
UnityEditor.ProBuilder.HierarchyListener:.cctor () (at Library/PackageCache/com.unity.probuilder@4.5.0/Editor/EditorCore/HierarchyListener.cs:21)
System.Runtime.CompilerServices.RuntimeHelpers:RunClassConstructor (System.RuntimeTypeHandle)
UnityEditor.EditorAssemblies:ProcessInitializeOnLoadAttributes (System.Type[])

[Library/PackageCache/com.unity.probuilder@4.5.0/Editor/EditorCore/EditorUtility.cs line 593]

Mono: successfully reloaded assembly
- Completed reload, in  1.237 seconds
Platform modules already initialized, skipping
Refreshing native plugins compatible for Editor in 0.42 ms, found 0 plugins.
Preloading 0 native plugins for Editor in 0.00 ms.
Unloading 1670 Unused Serialized files (Serialized files now loaded: 0)
System memory in use before: 193.6 MB.
System memory in use after: 193.5 MB.

Unloading 8 unused Assets to reduce memory usage. Loaded Objects now: 2312.
Total: 2.581600 ms (FindLiveObjects: 0.259600 ms CreateObjectMapping: 0.043400 ms MarkObjects: 1.996000 ms  DeleteObjects: 0.281400 ms)

========================================================================
Received Prepare
Registering precompiled user dll's ...
Registered in 0.000900 seconds.
Begin MonoManager ReloadAssembly
Native extension for Lumin target not found
Native extension for LinuxStandalone target not found
Native extension for WindowsStandalone target not found
Native extension for OSXStandalone target not found
Native extension for WebGL target not found
Refreshing native plugins compatible for Editor in 0.39 ms, found 0 plugins.
Preloading 0 native plugins for Editor in 0.00 ms.
Warning: Annotation not found!
UnityEngine.StackTraceUtility:ExtractStackTrace ()
UnityEditor.ProBuilder.EditorUtility:SetGizmoIconEnabled (System.Type,bool) (at Library/PackageCache/com.unity.probuilder@4.5.0/Editor/EditorCore/EditorUtility.cs:593)
UnityEditor.ProBuilder.HierarchyListener:.cctor () (at Library/PackageCache/com.unity.probuilder@4.5.0/Editor/EditorCore/HierarchyListener.cs:21)
System.Runtime.CompilerServices.RuntimeHelpers:RunClassConstructor (System.RuntimeTypeHandle)
UnityEditor.EditorAssemblies:ProcessInitializeOnLoadAttributes (System.Type[])

[Library/PackageCache/com.unity.probuilder@4.5.0/Editor/EditorCore/EditorUtility.cs line 593]

Mono: successfully reloaded assembly
- Completed reload, in  1.124 seconds
Platform modules already initialized, skipping
Refreshing native plugins compatible for Editor in 0.45 ms, found 0 plugins.
Preloading 0 native plugins for Editor in 0.00 ms.
Unloading 1670 Unused Serialized files (Serialized files now loaded: 0)
System memory in use before: 193.6 MB.
System memory in use after: 193.5 MB.

Unloading 8 unused Assets to reduce memory usage. Loaded Objects now: 2315.
Total: 2.673500 ms (FindLiveObjects: 0.279900 ms CreateObjectMapping: 0.044500 ms MarkObjects: 2.082700 ms  DeleteObjects: 0.264600 ms)

========================================================================
Received Prepare
Refreshing native plugins compatible for Editor in 1.20 ms, found 0 plugins.
Preloading 0 native plugins for Editor in 0.00 ms.
Unloading 6 Unused Serialized files (Serialized files now loaded: 0)
System memory in use before: 160.7 MB.
System memory in use after: 160.6 MB.

Unloading 6 unused Assets to reduce memory usage. Loaded Objects now: 2315.
Total: 3.019200 ms (FindLiveObjects: 0.272700 ms CreateObjectMapping: 0.044200 ms MarkObjects: 2.361600 ms  DeleteObjects: 0.339500 ms)

========================================================================
Received Prepare
Registering precompiled user dll's ...
Registered in 0.000909 seconds.
Begin MonoManager ReloadAssembly
Native extension for Lumin target not found
Native extension for LinuxStandalone target not found
Native extension for WindowsStandalone target not found
Native extension for OSXStandalone target not found
Native extension for WebGL target not found
Refreshing native plugins compatible for Editor in 0.40 ms, found 0 plugins.
Preloading 0 native plugins for Editor in 0.00 ms.
Warning: Annotation not found!
UnityEngine.StackTraceUtility:ExtractStackTrace ()
UnityEditor.ProBuilder.EditorUtility:SetGizmoIconEnabled (System.Type,bool) (at Library/PackageCache/com.unity.probuilder@4.5.0/Editor/EditorCore/EditorUtility.cs:593)
UnityEditor.ProBuilder.HierarchyListener:.cctor () (at Library/PackageCache/com.unity.probuilder@4.5.0/Editor/EditorCore/HierarchyListener.cs:21)
System.Runtime.CompilerServices.RuntimeHelpers:RunClassConstructor (System.RuntimeTypeHandle)
UnityEditor.EditorAssemblies:ProcessInitializeOnLoadAttributes (System.Type[])

[Library/PackageCache/com.unity.probuilder@4.5.0/Editor/EditorCore/EditorUtility.cs line 593]

Mono: successfully reloaded assembly
- Completed reload, in  1.126 seconds
Platform modules already initialized, skipping
Refreshing native plugins compatible for Editor in 0.39 ms, found 0 plugins.
Preloading 0 native plugins for Editor in 0.00 ms.
Unloading 1670 Unused Serialized files (Serialized files now loaded: 0)
System memory in use before: 193.7 MB.
System memory in use after: 193.5 MB.

Unloading 8 unused Assets to reduce memory usage. Loaded Objects now: 2318.
Total: 2.568500 ms (FindLiveObjects: 0.317400 ms CreateObjectMapping: 0.046500 ms MarkObjects: 1.949100 ms  DeleteObjects: 0.253900 ms)

========================================================================
Received Prepare
Registering precompiled user dll's ...
Registered in 0.000920 seconds.
Begin MonoManager ReloadAssembly
Native extension for Lumin target not found
Native extension for LinuxStandalone target not found
Native extension for WindowsStandalone target not found
Native extension for OSXStandalone target not found
Native extension for WebGL target not found
Refreshing native plugins compatible for Editor in 0.55 ms, found 0 plugins.
Preloading 0 native plugins for Editor in 0.00 ms.
Warning: Annotation not found!
UnityEngine.StackTraceUtility:ExtractStackTrace ()
UnityEditor.ProBuilder.EditorUtility:SetGizmoIconEnabled (System.Type,bool) (at Library/PackageCache/com.unity.probuilder@4.5.0/Editor/EditorCore/EditorUtility.cs:593)
UnityEditor.ProBuilder.HierarchyListener:.cctor () (at Library/PackageCache/com.unity.probuilder@4.5.0/Editor/EditorCore/HierarchyListener.cs:21)
System.Runtime.CompilerServices.RuntimeHelpers:RunClassConstructor (System.RuntimeTypeHandle)
UnityEditor.EditorAssemblies:ProcessInitializeOnLoadAttributes (System.Type[])

[Library/PackageCache/com.unity.probuilder@4.5.0/Editor/EditorCore/EditorUtility.cs line 593]

Mono: successfully reloaded assembly
- Completed reload, in  1.124 seconds
Platform modules already initialized, skipping
Refreshing native plugins compatible for Editor in 0.60 ms, found 0 plugins.
Preloading 0 native plugins for Editor in 0.00 ms.
Unloading 1670 Unused Serialized files (Serialized files now loaded: 0)
System memory in use before: 193.7 MB.
System memory in use after: 193.5 MB.

Unloading 8 unused Assets to reduce memory usage. Loaded Objects now: 2321.
Total: 2.864900 ms (FindLiveObjects: 0.403500 ms CreateObjectMapping: 0.046800 ms MarkObjects: 2.110500 ms  DeleteObjects: 0.300500 ms)

========================================================================
Received Prepare
Refreshing native plugins compatible for Editor in 0.93 ms, found 0 plugins.
Preloading 0 native plugins for Editor in 0.00 ms.
Unloading 6 Unused Serialized files (Serialized files now loaded: 0)
System memory in use before: 160.8 MB.
System memory in use after: 160.6 MB.

Unloading 6 unused Assets to reduce memory usage. Loaded Objects now: 2321.
Total: 2.653300 ms (FindLiveObjects: 0.367900 ms CreateObjectMapping: 0.050200 ms MarkObjects: 1.942900 ms  DeleteObjects: 0.290800 ms)

========================================================================
Received Import Request.
  Time since last request: 2767.696238 seconds.
  path: Assets/Scenes/SegundaBatalla.unity
  artifactKey: Guid(d887fc93e5a29fb4fae7430067f6302b) Importer(815301076,1909f56bfc062723c751e8b465ee728b)
Start importing Assets/Scenes/SegundaBatalla.unity using Guid(d887fc93e5a29fb4fae7430067f6302b) Importer(815301076,1909f56bfc062723c751e8b465ee728b)  -> (artifact id: 'ad82ffc159b90dd87130493b863ec132') in 0.010945 seconds
  Import took 0.023340 seconds .

========================================================================
Received Prepare
Registering precompiled user dll's ...
Registered in 0.001011 seconds.
Begin MonoManager ReloadAssembly
Native extension for Lumin target not found
Native extension for LinuxStandalone target not found
Native extension for WindowsStandalone target not found
Native extension for OSXStandalone target not found
Native extension for WebGL target not found
Refreshing native plugins compatible for Editor in 0.39 ms, found 0 plugins.
Preloading 0 native plugins for Editor in 0.00 ms.
Warning: Annotation not found!
UnityEngine.StackTraceUtility:ExtractStackTrace ()
UnityEditor.ProBuilder.EditorUtility:SetGizmoIconEnabled (System.Type,bool) (at Library/PackageCache/com.unity.probuilder@4.5.0/Editor/EditorCore/EditorUtility.cs:593)
UnityEditor.ProBuilder.HierarchyListener:.cctor () (at Library/PackageCache/com.unity.probuilder@4.5.0/Editor/EditorCore/HierarchyListener.cs:21)
System.Runtime.CompilerServices.RuntimeHelpers:RunClassConstructor (System.RuntimeTypeHandle)
UnityEditor.EditorAssemblies:ProcessInitializeOnLoadAttributes (System.Type[])

[Library/PackageCache/com.unity.probuilder@4.5.0/Editor/EditorCore/EditorUtility.cs line 593]

Mono: successfully reloaded assembly
- Completed reload, in  1.047 seconds
Platform modules already initialized, skipping
Refreshing native plugins compatible for Editor in 0.39 ms, found 0 plugins.
Preloading 0 native plugins for Editor in 0.00 ms.
Unloading 1670 Unused Serialized files (Serialized files now loaded: 0)
System memory in use before: 193.7 MB.
System memory in use after: 193.6 MB.

Unloading 8 unused Assets to reduce memory usage. Loaded Objects now: 2324.
Total: 2.590100 ms (FindLiveObjects: 0.251200 ms CreateObjectMapping: 0.042800 ms MarkObjects: 2.035600 ms  DeleteObjects: 0.259100 ms)

========================================================================
Received Prepare
Registering precompiled user dll's ...
Registered in 0.001100 seconds.
Begin MonoManager ReloadAssembly
Native extension for Lumin target not found
Native extension for LinuxStandalone target not found
Native extension for WindowsStandalone target not found
Native extension for OSXStandalone target not found
Native extension for WebGL target not found
Refreshing native plugins compatible for Editor in 0.41 ms, found 0 plugins.
Preloading 0 native plugins for Editor in 0.00 ms.
Warning: Annotation not found!
UnityEngine.StackTraceUtility:ExtractStackTrace ()
UnityEditor.ProBuilder.EditorUtility:SetGizmoIconEnabled (System.Type,bool) (at Library/PackageCache/com.unity.probuilder@4.5.0/Editor/EditorCore/EditorUtility.cs:593)
UnityEditor.ProBuilder.HierarchyListener:.cctor () (at Library/PackageCache/com.unity.probuilder@4.5.0/Editor/EditorCore/HierarchyListener.cs:21)
System.Runtime.CompilerServices.RuntimeHelpers:RunClassConstructor (System.RuntimeTypeHandle)
UnityEditor.EditorAssemblies:ProcessInitializeOnLoadAttributes (System.Type[])

[Library/PackageCache/com.unity.probuilder@4.5.0/Editor/EditorCore/EditorUtility.cs line 593]

Mono: successfully reloaded assembly
- Completed reload, in  1.300 seconds
Platform modules already initialized, skipping
Refreshing native plugins compatible for Editor in 0.99 ms, found 0 plugins.
Preloading 0 native plugins for Editor in 0.00 ms.
Unloading 1670 Unused Serialized files (Serialized files now loaded: 0)
System memory in use before: 193.7 MB.
System memory in use after: 193.6 MB.

Unloading 8 unused Assets to reduce memory usage. Loaded Objects now: 2327.
Total: 3.424200 ms (FindLiveObjects: 0.595900 ms CreateObjectMapping: 0.107800 ms MarkObjects: 2.389700 ms  DeleteObjects: 0.328900 ms)

========================================================================
Received Import Request.
  Time since last request: 711.165864 seconds.
  path: Assets/Scripts/Combate/CieloController.cs
  artifactKey: Guid(61a4576e3114fd04d82a871f9581c5a1) Importer(815301076,1909f56bfc062723c751e8b465ee728b)
Start importing Assets/Scripts/Combate/CieloController.cs using Guid(61a4576e3114fd04d82a871f9581c5a1) Importer(815301076,1909f56bfc062723c751e8b465ee728b)  -> (artifact id: 'abe91ff0143d82e8f85a5668e1e73eb7') in 0.028206 seconds
  Import took 0.044092 seconds .

========================================================================
Received Prepare
Registering precompiled user dll's ...
Registered in 0.001051 seconds.
Begin MonoManager ReloadAssembly
Native extension for Lumin target not found
Native extension for LinuxStandalone target not found
Native extension for WindowsStandalone target not found
Native extension for OSXStandalone target not found
Native extension for WebGL target not found
Refreshing native plugins compatible for Editor in 0.39 ms, found 0 plugins.
Preloading 0 native plugins for Editor in 0.00 ms.
Warning: Annotation not found!
UnityEngine.StackTraceUtility:ExtractStackTrace ()
UnityEditor.ProBuilder.EditorUtility:SetGizmoIconEnabled (System.Type,bool) (at Library/PackageCache/com.unity.probuilder@4.5.0/Editor/EditorCore/EditorUtility.cs:593)
UnityEditor.ProBuilder.HierarchyListener:.cctor () (at Library/PackageCache/com.unity.probuilder@4.5.0/Editor/EditorCore/HierarchyListener.cs:21)
System.Runtime.CompilerServices.RuntimeHelpers:RunClassConstructor (System.RuntimeTypeHandle)
UnityEditor.EditorAssemblies:ProcessInitializeOnLoadAttributes (System.Type[])

[Library/PackageCache/com.unity.probuilder@4.5.0/Editor/EditorCore/EditorUtility.cs line 593]

Mono: successfully reloaded assembly
- Completed reload, in  1.116 seconds
Platform modules already initialized, skipping
Refreshing native plugins compatible for Editor in 0.39 ms, found 0 plugins.
Preloading 0 native plugins for Editor in 0.00 ms.
Unloading 1671 Unused Serialized files (Serialized files now loaded: 0)
System memory in use before: 193.7 MB.
System memory in use after: 193.6 MB.

Unloading 8 unused Assets to reduce memory usage. Loaded Objects now: 2331.
Total: 4.069700 ms (FindLiveObjects: 0.417100 ms CreateObjectMapping: 0.052000 ms MarkObjects: 3.252300 ms  DeleteObjects: 0.345900 ms)

========================================================================
Received Prepare
Registering precompiled user dll's ...
Registered in 0.000968 seconds.
Begin MonoManager ReloadAssembly
Native extension for Lumin target not found
Native extension for LinuxStandalone target not found
Native extension for WindowsStandalone target not found
Native extension for OSXStandalone target not found
Native extension for WebGL target not found
Refreshing native plugins compatible for Editor in 0.42 ms, found 0 plugins.
Preloading 0 native plugins for Editor in 0.00 ms.
Warning: Annotation not found!
UnityEngine.StackTraceUtility:ExtractStackTrace ()
UnityEditor.ProBuilder.EditorUtility:SetGizmoIconEnabled (System.Type,bool) (at Library/PackageCache/com.unity.probuilder@4.5.0/Editor/EditorCore/EditorUtility.cs:593)
UnityEditor.ProBuilder.HierarchyListener:.cctor () (at Library/PackageCache/com.unity.probuilder@4.5.0/Editor/EditorCore/HierarchyListener.cs:21)
System.Runtime.CompilerServices.RuntimeHelpers:RunClassConstructor (System.RuntimeTypeHandle)
UnityEditor.EditorAssemblies:ProcessInitializeOnLoadAttributes (System.Type[])

[Library/PackageCache/com.unity.probuilder@4.5.0/Editor/EditorCore/EditorUtility.cs line 593]

Mono: successfully reloaded assembly
- Completed reload, in  1.139 seconds
Platform modules already initialized, skipping
Refreshing native plugins compatible for Editor in 0.51 ms, found 0 plugins.
Preloading 0 native plugins for Editor in 0.00 ms.
Unloading 1671 Unused Serialized files (Serialized files now loaded: 0)
System memory in use before: 193.7 MB.
System memory in use after: 193.6 MB.

Unloading 8 unused Assets to reduce memory usage. Loaded Objects now: 2334.
Total: 2.912800 ms (FindLiveObjects: 0.313500 ms CreateObjectMapping: 0.047100 ms MarkObjects: 2.251600 ms  DeleteObjects: 0.299300 ms)

========================================================================
Received Import Request.
  Time since last request: 47.753954 seconds.
  path: Assets/Scripts/Combate/CieloController.cs
  artifactKey: Guid(61a4576e3114fd04d82a871f9581c5a1) Importer(815301076,1909f56bfc062723c751e8b465ee728b)
Start importing Assets/Scripts/Combate/CieloController.cs using Guid(61a4576e3114fd04d82a871f9581c5a1) Importer(815301076,1909f56bfc062723c751e8b465ee728b)  -> (artifact id: 'af9c6ac02d1f2559cc8b89f861df3c89') in 0.004485 seconds
  Import took 0.029131 seconds .

========================================================================
Received Prepare
Registering precompiled user dll's ...
Registered in 0.001074 seconds.
Begin MonoManager ReloadAssembly
Native extension for Lumin target not found
Native extension for LinuxStandalone target not found
Native extension for WindowsStandalone target not found
Native extension for OSXStandalone target not found
Native extension for WebGL target not found
Refreshing native plugins compatible for Editor in 0.46 ms, found 0 plugins.
Preloading 0 native plugins for Editor in 0.00 ms.
Warning: Annotation not found!
UnityEngine.StackTraceUtility:ExtractStackTrace ()
UnityEditor.ProBuilder.EditorUtility:SetGizmoIconEnabled (System.Type,bool) (at Library/PackageCache/com.unity.probuilder@4.5.0/Editor/EditorCore/EditorUtility.cs:593)
UnityEditor.ProBuilder.HierarchyListener:.cctor () (at Library/PackageCache/com.unity.probuilder@4.5.0/Editor/EditorCore/HierarchyListener.cs:21)
System.Runtime.CompilerServices.RuntimeHelpers:RunClassConstructor (System.RuntimeTypeHandle)
UnityEditor.EditorAssemblies:ProcessInitializeOnLoadAttributes (System.Type[])

[Library/PackageCache/com.unity.probuilder@4.5.0/Editor/EditorCore/EditorUtility.cs line 593]

Mono: successfully reloaded assembly
- Completed reload, in  1.211 seconds
Platform modules already initialized, skipping
Refreshing native plugins compatible for Editor in 1.35 ms, found 0 plugins.
Preloading 0 native plugins for Editor in 0.00 ms.
Unloading 1671 Unused Serialized files (Serialized files now loaded: 0)
System memory in use before: 193.8 MB.
System memory in use after: 193.6 MB.

Unloading 8 unused Assets to reduce memory usage. Loaded Objects now: 2337.
Total: 2.852800 ms (FindLiveObjects: 0.348200 ms CreateObjectMapping: 0.055700 ms MarkObjects: 2.179800 ms  DeleteObjects: 0.267800 ms)

========================================================================
Received Import Request.
  Time since last request: 313.327795 seconds.
  path: Assets/Scripts/Titulo/IniciarPartida.cs
  artifactKey: Guid(0b301543f9a7ad14a920867521bcd295) Importer(815301076,1909f56bfc062723c751e8b465ee728b)
Start importing Assets/Scripts/Titulo/IniciarPartida.cs using Guid(0b301543f9a7ad14a920867521bcd295) Importer(815301076,1909f56bfc062723c751e8b465ee728b)  -> (artifact id: 'e67722360e0cad4f8dc94061e1ae55f0') in 3.131144 seconds
  Import took 4.445502 seconds .

========================================================================
Received Prepare
Registering precompiled user dll's ...
Registered in 0.001116 seconds.
Begin MonoManager ReloadAssembly
Native extension for Lumin target not found
Native extension for LinuxStandalone target not found
Native extension for WindowsStandalone target not found
Native extension for OSXStandalone target not found
Native extension for WebGL target not found
Refreshing native plugins compatible for Editor in 0.47 ms, found 0 plugins.
Preloading 0 native plugins for Editor in 0.00 ms.
Warning: Annotation not found!
UnityEngine.StackTraceUtility:ExtractStackTrace ()
UnityEditor.ProBuilder.EditorUtility:SetGizmoIconEnabled (System.Type,bool) (at Library/PackageCache/com.unity.probuilder@4.5.0/Editor/EditorCore/EditorUtility.cs:593)
UnityEditor.ProBuilder.HierarchyListener:.cctor () (at Library/PackageCache/com.unity.probuilder@4.5.0/Editor/EditorCore/HierarchyListener.cs:21)
System.Runtime.CompilerServices.RuntimeHelpers:RunClassConstructor (System.RuntimeTypeHandle)
UnityEditor.EditorAssemblies:ProcessInitializeOnLoadAttributes (System.Type[])

[Library/PackageCache/com.unity.probuilder@4.5.0/Editor/EditorCore/EditorUtility.cs line 593]

Mono: successfully reloaded assembly
- Completed reload, in  1.051 seconds
Platform modules already initialized, skipping
Refreshing native plugins compatible for Editor in 0.39 ms, found 0 plugins.
Preloading 0 native plugins for Editor in 0.00 ms.
Unloading 1671 Unused Serialized files (Serialized files now loaded: 0)
System memory in use before: 193.8 MB.
System memory in use after: 193.6 MB.

Unloading 8 unused Assets to reduce memory usage. Loaded Objects now: 2340.
Total: 2.986500 ms (FindLiveObjects: 0.244200 ms CreateObjectMapping: 0.047500 ms MarkObjects: 2.370500 ms  DeleteObjects: 0.322900 ms)

========================================================================
Received Import Request.
  Time since last request: 170.820858 seconds.
  path: Assets/Scripts/Titulo/IniciarPartida.cs
  artifactKey: Guid(0b301543f9a7ad14a920867521bcd295) Importer(815301076,1909f56bfc062723c751e8b465ee728b)
Start importing Assets/Scripts/Titulo/IniciarPartida.cs using Guid(0b301543f9a7ad14a920867521bcd295) Importer(815301076,1909f56bfc062723c751e8b465ee728b)  -> (artifact id: 'a118c218c92137cb4325cc27420c20f4') in 0.004909 seconds
  Import took 0.008329 seconds .

========================================================================
Received Import Request.
  Time since last request: 393.791723 seconds.
  path: Assets/Scenes/PrimeraBatalla
  artifactKey: Guid(694e4512fe8991f4381334d2ff2464a0) Importer(815301076,1909f56bfc062723c751e8b465ee728b)
Start importing Assets/Scenes/PrimeraBatalla using Guid(694e4512fe8991f4381334d2ff2464a0) Importer(815301076,1909f56bfc062723c751e8b465ee728b)  -> (artifact id: '49c64288341e4c0c1612715566d4560f') in 0.040244 seconds
  Import took 0.043181 seconds .

========================================================================
Received Import Request.
  Time since last request: 0.002123 seconds.
  path: Assets/Scenes/PrimeraBatalla/LightingData.asset
  artifactKey: Guid(40660c333df6a614faf63bf8ee2bafc3) Importer(815301076,1909f56bfc062723c751e8b465ee728b)
Start importing Assets/Scenes/PrimeraBatalla/LightingData.asset using Guid(40660c333df6a614faf63bf8ee2bafc3) Importer(815301076,1909f56bfc062723c751e8b465ee728b)  -> (artifact id: '7315fa3b2cb1af5d23a4950995daa6da') in 0.020441 seconds
  Import took 0.031825 seconds .

========================================================================
Received Import Request.
  Time since last request: 0.000217 seconds.
  path: Assets/Scenes/PrimeraBatalla/ReflectionProbe-0.exr
  artifactKey: Guid(8da49cd39ce305a47890d85ee7d4fbda) Importer(815301076,1909f56bfc062723c751e8b465ee728b)
Start importing Assets/Scenes/PrimeraBatalla/ReflectionProbe-0.exr using Guid(8da49cd39ce305a47890d85ee7d4fbda) Importer(815301076,1909f56bfc062723c751e8b465ee728b)  -> (artifact id: '5d9ea29dd18deebb363d0cda65905604') in 0.114106 seconds
  Import took 0.123672 seconds .

========================================================================
Received Import Request.
  Time since last request: 0.000227 seconds.
  path: Assets/Scenes/PrimeraBatalla/Lightmap-0_comp_shadowmask.png
  artifactKey: Guid(e8e5e83948c49e346bfc88a45d1178bd) Importer(815301076,1909f56bfc062723c751e8b465ee728b)
Start importing Assets/Scenes/PrimeraBatalla/Lightmap-0_comp_shadowmask.png using Guid(e8e5e83948c49e346bfc88a45d1178bd) Importer(815301076,1909f56bfc062723c751e8b465ee728b)  -> (artifact id: 'b207a5f6fe1c94db5d655656638a0605') in 0.035640 seconds
  Import took 0.051544 seconds .

========================================================================
Received Import Request.
  Time since last request: 0.000262 seconds.
  path: Assets/Scenes/PrimeraBatalla/Lightmap-0_comp_dir.png
  artifactKey: Guid(d8306b0f233253e4399a8f34388863f2) Importer(815301076,1909f56bfc062723c751e8b465ee728b)
Start importing Assets/Scenes/PrimeraBatalla/Lightmap-0_comp_dir.png using Guid(d8306b0f233253e4399a8f34388863f2) Importer(815301076,1909f56bfc062723c751e8b465ee728b)  -> (artifact id: 'e78e215186c15a08b1d1b8debe4cd984') in 0.019601 seconds
  Import took 0.022422 seconds .

========================================================================
Received Import Request.
  Time since last request: 0.000223 seconds.
  path: Assets/Scenes/PrimeraBatalla/Lightmap-0_comp_light.exr
  artifactKey: Guid(0572d93c048bf8143b6bdb671eaeb421) Importer(815301076,1909f56bfc062723c751e8b465ee728b)
Start importing Assets/Scenes/PrimeraBatalla/Lightmap-0_comp_light.exr using Guid(0572d93c048bf8143b6bdb671eaeb421) Importer(815301076,1909f56bfc062723c751e8b465ee728b)  -> (artifact id: 'a67fab24fdd4ed6c98123c4dc4934937') in 0.009392 seconds
  Import took 0.012170 seconds .

========================================================================
Received Import Request.
  Time since last request: 0.005655 seconds.
  path: Assets/Scenes/PrimeraBatalla/Lightmap-0_comp_light.exr
  artifactKey: Guid(0572d93c048bf8143b6bdb671eaeb421) Importer(815301076,1909f56bfc062723c751e8b465ee728b)
Start importing Assets/Scenes/PrimeraBatalla/Lightmap-0_comp_light.exr using Guid(0572d93c048bf8143b6bdb671eaeb421) Importer(815301076,1909f56bfc062723c751e8b465ee728b)  -> (artifact id: 'a67fab24fdd4ed6c98123c4dc4934937') in 0.007162 seconds
  Import took 0.010459 seconds .

========================================================================
Received Prepare
Refreshing native plugins compatible for Editor in 0.93 ms, found 0 plugins.
Preloading 0 native plugins for Editor in 0.00 ms.
Unloading 6 Unused Serialized files (Serialized files now loaded: 0)
System memory in use before: 161.1 MB.
System memory in use after: 161.0 MB.

Unloading 6 unused Assets to reduce memory usage. Loaded Objects now: 2345.
Total: 4.609900 ms (FindLiveObjects: 0.428200 ms CreateObjectMapping: 0.051200 ms MarkObjects: 3.706800 ms  DeleteObjects: 0.421200 ms)

AssetImportWorkerClient::OnTransportError - code=2 error=End of file
